<?xml version="1.0" encoding="UTF-8"?>
<!-- Generated by org.testng.reporters.JUnitReportReporter -->
<testsuite hostname="RameshD" failures="0" tests="1" name="com.PowerTerm.PowerTermTestRun" time="7.952" errors="0" timestamp="2022-02-01T10:13:05 IST" skipped="0">
  <testcase classname="com.PowerTerm.PowerTermTestRun" name="PowerTerm_Launch" time="7.952"/>
  <system-out/>
</testsuite> <!-- com.PowerTerm.PowerTermTestRun -->
