<?xml version="1.0" encoding="UTF-8"?>
<!-- Generated by org.testng.reporters.JUnitReportReporter -->
<testsuite hostname="RameshD" failures="0" tests="1" name="com.PowerTerm.PowerTerm_Report" time="12.909" errors="0" timestamp="2022-02-01T12:18:33 IST" skipped="0">
  <testcase classname="com.PowerTerm.PowerTerm_Report" name="Launch" time="12.909"/>
  <system-out/>
</testsuite> <!-- com.PowerTerm.PowerTerm_Report -->
